<?xml version="1.0" encoding="UTF-8"?>
<coverage generated="1556797073309" clover="3.2.0">
  <project timestamp="1556797073310" name="All files">
    <metrics statements="79" coveredstatements="55" conditionals="34" coveredconditionals="18" methods="26" coveredmethods="20" elements="139" coveredelements="93" complexity="0" loc="79" ncloc="79" packages="1" files="7" classes="7"/>
    <file name="Alert.jsx" path="/Users/davidwhyte-john/Documents/projects/nodejs/ireporter-webapp/src/components/Alert.jsx">
      <metrics statements="19" coveredstatements="14" conditionals="10" coveredconditionals="6" methods="3" coveredmethods="2"/>
      <line num="7" count="0" type="stmt"/>
      <line num="8" count="0" type="stmt"/>
      <line num="9" count="0" type="cond" truecount="0" falsecount="2"/>
      <line num="12" count="8" type="stmt"/>
      <line num="13" count="8" type="cond" truecount="2" falsecount="0"/>
      <line num="14" count="3" type="stmt"/>
      <line num="16" count="5" type="stmt"/>
      <line num="17" count="5" type="stmt"/>
      <line num="18" count="5" type="stmt"/>
      <line num="19" count="1" type="stmt"/>
      <line num="21" count="5" type="stmt"/>
      <line num="22" count="5" type="cond" truecount="2" falsecount="0"/>
      <line num="23" count="4" type="stmt"/>
      <line num="25" count="1" type="cond" truecount="1" falsecount="1"/>
      <line num="26" count="1" type="cond" truecount="1" falsecount="1"/>
      <line num="27" count="1" type="stmt"/>
      <line num="31" count="1" type="stmt"/>
      <line num="36" count="0" type="stmt"/>
      <line num="42" count="0" type="stmt"/>
    </file>
    <file name="Home.jsx" path="/Users/davidwhyte-john/Documents/projects/nodejs/ireporter-webapp/src/components/Home.jsx">
      <metrics statements="5" coveredstatements="5" conditionals="0" coveredconditionals="0" methods="3" coveredmethods="3"/>
      <line num="8" count="2" type="stmt"/>
      <line num="9" count="2" type="stmt"/>
      <line num="24" count="2" type="stmt"/>
      <line num="25" count="2" type="stmt"/>
      <line num="29" count="2" type="stmt"/>
    </file>
    <file name="Record.jsx" path="/Users/davidwhyte-john/Documents/projects/nodejs/ireporter-webapp/src/components/Record.jsx">
      <metrics statements="3" coveredstatements="3" conditionals="8" coveredconditionals="4" methods="1" coveredmethods="1"/>
      <line num="5" count="1" type="stmt"/>
      <line num="6" count="1" type="stmt"/>
      <line num="7" count="1" type="stmt"/>
    </file>
    <file name="Records.jsx" path="/Users/davidwhyte-john/Documents/projects/nodejs/ireporter-webapp/src/components/Records.jsx">
      <metrics statements="18" coveredstatements="14" conditionals="8" coveredconditionals="4" methods="6" coveredmethods="5"/>
      <line num="14" count="1" type="stmt"/>
      <line num="17" count="1" type="stmt"/>
      <line num="20" count="1" type="stmt"/>
      <line num="21" count="1" type="stmt"/>
      <line num="22" count="1" type="cond" truecount="1" falsecount="1"/>
      <line num="23" count="0" type="stmt"/>
      <line num="24" count="0" type="stmt"/>
      <line num="26" count="1" type="stmt"/>
      <line num="27" count="1" type="stmt"/>
      <line num="28" count="1" type="cond" truecount="1" falsecount="1"/>
      <line num="29" count="0" type="stmt"/>
      <line num="35" count="1" type="stmt"/>
      <line num="45" count="0" type="stmt"/>
      <line num="53" count="2" type="stmt"/>
      <line num="57" count="2" type="stmt"/>
      <line num="60" count="2" type="stmt"/>
      <line num="61" count="1" type="stmt"/>
      <line num="69" count="1" type="stmt"/>
    </file>
    <file name="Routes.jsx" path="/Users/davidwhyte-john/Documents/projects/nodejs/ireporter-webapp/src/components/Routes.jsx">
      <metrics statements="4" coveredstatements="4" conditionals="0" coveredconditionals="0" methods="3" coveredmethods="3"/>
      <line num="11" count="1" type="stmt"/>
      <line num="12" count="1" type="stmt"/>
      <line num="25" count="1" type="stmt"/>
      <line num="28" count="1" type="stmt"/>
    </file>
    <file name="Signin.jsx" path="/Users/davidwhyte-john/Documents/projects/nodejs/ireporter-webapp/src/components/Signin.jsx">
      <metrics statements="16" coveredstatements="8" conditionals="4" coveredconditionals="2" methods="5" coveredmethods="3"/>
      <line num="23" count="0" type="stmt"/>
      <line num="24" count="0" type="stmt"/>
      <line num="33" count="0" type="stmt"/>
      <line num="34" count="0" type="stmt"/>
      <line num="37" count="0" type="stmt"/>
      <line num="38" count="0" type="stmt"/>
      <line num="39" count="0" type="stmt"/>
      <line num="43" count="3" type="stmt"/>
      <line num="44" count="3" type="cond" truecount="1" falsecount="1"/>
      <line num="45" count="0" type="stmt"/>
      <line num="47" count="3" type="stmt"/>
      <line num="48" count="3" type="stmt"/>
      <line num="78" count="2" type="stmt"/>
      <line num="82" count="2" type="stmt"/>
      <line num="83" count="3" type="stmt"/>
      <line num="89" count="3" type="stmt"/>
    </file>
    <file name="Signup.jsx" path="/Users/davidwhyte-john/Documents/projects/nodejs/ireporter-webapp/src/components/Signup.jsx">
      <metrics statements="14" coveredstatements="7" conditionals="4" coveredconditionals="2" methods="5" coveredmethods="3"/>
      <line num="22" count="0" type="stmt"/>
      <line num="23" count="0" type="stmt"/>
      <line num="32" count="0" type="stmt"/>
      <line num="35" count="0" type="stmt"/>
      <line num="36" count="0" type="stmt"/>
      <line num="37" count="0" type="stmt"/>
      <line num="41" count="1" type="cond" truecount="1" falsecount="1"/>
      <line num="42" count="0" type="stmt"/>
      <line num="44" count="1" type="stmt"/>
      <line num="45" count="1" type="stmt"/>
      <line num="90" count="2" type="stmt"/>
      <line num="94" count="2" type="stmt"/>
      <line num="95" count="1" type="stmt"/>
      <line num="101" count="1" type="stmt"/>
    </file>
  </project>
</coverage>
