{"/Users/davidwhyte-john/Documents/projects/nodejs/ireporter-webapp/src/components/Alert.js": {"path":"/Users/davidwhyte-john/Documents/projects/nodejs/ireporter-webapp/src/components/Alert.js","statementMap":{"0":{"start":{"line":7,"column":8},"end":{"line":7,"column":26}},"1":{"start":{"line":8,"column":26},"end":{"line":8,"column":36}},"2":{"start":{"line":9,"column":8},"end":{"line":9,"column":33}},"3":{"start":{"line":9,"column":22},"end":{"line":9,"column":33}},"4":{"start":{"line":12,"column":6},"end":{"line":12,"column":29}},"5":{"start":{"line":13,"column":6},"end":{"line":15,"column":7}},"6":{"start":{"line":14,"column":8},"end":{"line":14,"column":19}},"7":{"start":{"line":16,"column":26},"end":{"line":16,"column":28}},"8":{"start":{"line":17,"column":14},"end":{"line":17,"column":15}},"9":{"start":{"line":18,"column":6},"end":{"line":20,"column":5}},"10":{"start":{"line":19,"column":8},"end":{"line":19,"column":49}},"11":{"start":{"line":21,"column":4},"end":{"line":21,"column":30}},"12":{"start":{"line":22,"column":4},"end":{"line":24,"column":5}},"13":{"start":{"line":23,"column":6},"end":{"line":23,"column":17}},"14":{"start":{"line":25,"column":8},"end":{"line":41,"column":7}},"15":{"start":{"line":26,"column":10},"end":{"line":35,"column":9}},"16":{"start":{"line":27,"column":12},"end":{"line":34,"column":13}},"17":{"start":{"line":31,"column":56},"end":{"line":31,"column":88}},"18":{"start":{"line":36,"column":8},"end":{"line":40,"column":9}},"19":{"start":{"line":42,"column":6},"end":{"line":46,"column":7}}},"fnMap":{"0":{"name":"(anonymous_0)","decl":{"start":{"line":6,"column":12},"end":{"line":6,"column":13}},"loc":{"start":{"line":6,"column":17},"end":{"line":10,"column":5}},"line":6},"1":{"name":"(anonymous_1)","decl":{"start":{"line":11,"column":4},"end":{"line":11,"column":5}},"loc":{"start":{"line":11,"column":12},"end":{"line":47,"column":5}},"line":11},"2":{"name":"(anonymous_2)","decl":{"start":{"line":31,"column":37},"end":{"line":31,"column":38}},"loc":{"start":{"line":31,"column":56},"end":{"line":31,"column":88}},"line":31}},"branchMap":{"0":{"loc":{"start":{"line":9,"column":8},"end":{"line":9,"column":33}},"type":"if","locations":[{"start":{"line":9,"column":8},"end":{"line":9,"column":33}},{"start":{"line":9,"column":8},"end":{"line":9,"column":33}}],"line":9},"1":{"loc":{"start":{"line":13,"column":6},"end":{"line":15,"column":7}},"type":"if","locations":[{"start":{"line":13,"column":6},"end":{"line":15,"column":7}},{"start":{"line":13,"column":6},"end":{"line":15,"column":7}}],"line":13},"2":{"loc":{"start":{"line":22,"column":4},"end":{"line":24,"column":5}},"type":"if","locations":[{"start":{"line":22,"column":4},"end":{"line":24,"column":5}},{"start":{"line":22,"column":4},"end":{"line":24,"column":5}}],"line":22},"3":{"loc":{"start":{"line":25,"column":8},"end":{"line":41,"column":7}},"type":"if","locations":[{"start":{"line":25,"column":8},"end":{"line":41,"column":7}},{"start":{"line":25,"column":8},"end":{"line":41,"column":7}}],"line":25},"4":{"loc":{"start":{"line":26,"column":10},"end":{"line":35,"column":9}},"type":"if","locations":[{"start":{"line":26,"column":10},"end":{"line":35,"column":9}},{"start":{"line":26,"column":10},"end":{"line":35,"column":9}}],"line":26}},"s":{"0":0,"1":0,"2":0,"3":0,"4":0,"5":0,"6":0,"7":0,"8":0,"9":0,"10":0,"11":0,"12":0,"13":0,"14":0,"15":0,"16":0,"17":0,"18":0,"19":0},"f":{"0":0,"1":0,"2":0},"b":{"0":[0,0],"1":[0,0],"2":[0,0],"3":[0,0],"4":[0,0]}}
,"/Users/davidwhyte-john/Documents/projects/nodejs/ireporter-webapp/src/components/CreateRecord.js": {"path":"/Users/davidwhyte-john/Documents/projects/nodejs/ireporter-webapp/src/components/CreateRecord.js","statementMap":{"0":{"start":{"line":19,"column":6},"end":{"line":19,"column":33}},"1":{"start":{"line":20,"column":6},"end":{"line":28,"column":7}},"2":{"start":{"line":21,"column":25},"end":{"line":21,"column":42}},"3":{"start":{"line":22,"column":21},"end":{"line":22,"column":37}},"4":{"start":{"line":23,"column":8},"end":{"line":25,"column":10}},"5":{"start":{"line":24,"column":12},"end":{"line":24,"column":41}},"6":{"start":{"line":26,"column":8},"end":{"line":26,"column":54}},"7":{"start":{"line":27,"column":8},"end":{"line":27,"column":37}},"8":{"start":{"line":31,"column":25},"end":{"line":31,"column":42}},"9":{"start":{"line":32,"column":8},"end":{"line":32,"column":59}},"10":{"start":{"line":33,"column":8},"end":{"line":33,"column":32}},"11":{"start":{"line":36,"column":8},"end":{"line":36,"column":26}},"12":{"start":{"line":37,"column":25},"end":{"line":37,"column":35}},"13":{"start":{"line":38,"column":8},"end":{"line":38,"column":25}},"14":{"start":{"line":39,"column":8},"end":{"line":39,"column":37}},"15":{"start":{"line":42,"column":24},"end":{"line":42,"column":34}},"16":{"start":{"line":43,"column":6},"end":{"line":45,"column":7}},"17":{"start":{"line":44,"column":8},"end":{"line":44,"column":43}},"18":{"start":{"line":46,"column":4},"end":{"line":91,"column":5}},"19":{"start":{"line":95,"column":0},"end":{"line":97,"column":3}},"20":{"start":{"line":99,"column":2},"end":{"line":101,"column":3}},"21":{"start":{"line":102,"column":26},"end":{"line":109,"column":3}},"22":{"start":{"line":103,"column":4},"end":{"line":108,"column":5}},"23":{"start":{"line":111,"column":31},"end":{"line":111,"column":46}}},"fnMap":{"0":{"name":"(anonymous_0)","decl":{"start":{"line":18,"column":18},"end":{"line":18,"column":19}},"loc":{"start":{"line":18,"column":30},"end":{"line":29,"column":5}},"line":18},"1":{"name":"(anonymous_1)","decl":{"start":{"line":23,"column":25},"end":{"line":23,"column":26}},"loc":{"start":{"line":23,"column":37},"end":{"line":25,"column":9}},"line":23},"2":{"name":"(anonymous_2)","decl":{"start":{"line":30,"column":24},"end":{"line":30,"column":25}},"loc":{"start":{"line":30,"column":31},"end":{"line":34,"column":5}},"line":30},"3":{"name":"(anonymous_3)","decl":{"start":{"line":35,"column":19},"end":{"line":35,"column":20}},"loc":{"start":{"line":35,"column":26},"end":{"line":40,"column":5}},"line":35},"4":{"name":"(anonymous_4)","decl":{"start":{"line":41,"column":2},"end":{"line":41,"column":3}},"loc":{"start":{"line":41,"column":11},"end":{"line":93,"column":3}},"line":41},"5":{"name":"(anonymous_5)","decl":{"start":{"line":102,"column":26},"end":{"line":102,"column":27}},"loc":{"start":{"line":102,"column":35},"end":{"line":109,"column":3}},"line":102},"6":{"name":"(anonymous_6)","decl":{"start":{"line":111,"column":25},"end":{"line":111,"column":26}},"loc":{"start":{"line":111,"column":31},"end":{"line":111,"column":46}},"line":111}},"branchMap":{"0":{"loc":{"start":{"line":20,"column":6},"end":{"line":28,"column":7}},"type":"if","locations":[{"start":{"line":20,"column":6},"end":{"line":28,"column":7}},{"start":{"line":20,"column":6},"end":{"line":28,"column":7}}],"line":20},"1":{"loc":{"start":{"line":20,"column":10},"end":{"line":20,"column":45}},"type":"binary-expr","locations":[{"start":{"line":20,"column":10},"end":{"line":20,"column":24}},{"start":{"line":20,"column":28},"end":{"line":20,"column":45}}],"line":20},"2":{"loc":{"start":{"line":43,"column":6},"end":{"line":45,"column":7}},"type":"if","locations":[{"start":{"line":43,"column":6},"end":{"line":45,"column":7}},{"start":{"line":43,"column":6},"end":{"line":45,"column":7}}],"line":43},"3":{"loc":{"start":{"line":86,"column":113},"end":{"line":86,"column":155}},"type":"cond-expr","locations":[{"start":{"line":86,"column":133},"end":{"line":86,"column":145}},{"start":{"line":86,"column":147},"end":{"line":86,"column":155}}],"line":86}},"s":{"0":0,"1":0,"2":0,"3":0,"4":0,"5":0,"6":0,"7":0,"8":0,"9":0,"10":0,"11":0,"12":0,"13":0,"14":0,"15":0,"16":0,"17":0,"18":0,"19":0,"20":0,"21":0,"22":0,"23":0},"f":{"0":0,"1":0,"2":0,"3":0,"4":0,"5":0,"6":0},"b":{"0":[0,0],"1":[0,0],"2":[0,0],"3":[0,0]}}
,"/Users/davidwhyte-john/Documents/projects/nodejs/ireporter-webapp/src/components/Home.jsx": {"path":"/Users/davidwhyte-john/Documents/projects/nodejs/ireporter-webapp/src/components/Home.jsx","statementMap":{"0":{"start":{"line":8,"column":4},"end":{"line":8,"column":33}},"1":{"start":{"line":9,"column":4},"end":{"line":20,"column":5}},"2":{"start":{"line":24,"column":24},"end":{"line":28,"column":1}},"3":{"start":{"line":25,"column":2},"end":{"line":27,"column":3}},"4":{"start":{"line":29,"column":29},"end":{"line":29,"column":44}}},"fnMap":{"0":{"name":"(anonymous_0)","decl":{"start":{"line":7,"column":2},"end":{"line":7,"column":3}},"loc":{"start":{"line":7,"column":11},"end":{"line":21,"column":3}},"line":7},"1":{"name":"(anonymous_1)","decl":{"start":{"line":24,"column":24},"end":{"line":24,"column":25}},"loc":{"start":{"line":24,"column":33},"end":{"line":28,"column":1}},"line":24},"2":{"name":"(anonymous_2)","decl":{"start":{"line":29,"column":23},"end":{"line":29,"column":24}},"loc":{"start":{"line":29,"column":29},"end":{"line":29,"column":44}},"line":29}},"branchMap":{},"s":{"0":1,"1":1,"2":1,"3":1,"4":1},"f":{"0":1,"1":1,"2":1},"b":{},"_coverageSchema":"43e27e138ebf9cfc5966b082cf9a028302ed4184","hash":"cbca820c20373571ad5276d6e5d6632fab523b1b"}
,"/Users/davidwhyte-john/Documents/projects/nodejs/ireporter-webapp/src/components/Nav.js": {"path":"/Users/davidwhyte-john/Documents/projects/nodejs/ireporter-webapp/src/components/Nav.js","statementMap":{"0":{"start":{"line":7,"column":2},"end":{"line":7,"column":21}},"1":{"start":{"line":9,"column":12},"end":{"line":68,"column":1}},"2":{"start":{"line":10,"column":15},"end":{"line":10,"column":55}},"3":{"start":{"line":11,"column":24},"end":{"line":18,"column":3}},"4":{"start":{"line":12,"column":18},"end":{"line":12,"column":47}},"5":{"start":{"line":13,"column":4},"end":{"line":17,"column":5}},"6":{"start":{"line":14,"column":7},"end":{"line":14,"column":20}},"7":{"start":{"line":16,"column":6},"end":{"line":16,"column":18}},"8":{"start":{"line":19,"column":20},"end":{"line":27,"column":3}},"9":{"start":{"line":20,"column":4},"end":{"line":20,"column":39}},"10":{"start":{"line":21,"column":17},"end":{"line":21,"column":39}},"11":{"start":{"line":22,"column":4},"end":{"line":26,"column":5}},"12":{"start":{"line":23,"column":8},"end":{"line":23,"column":42}},"13":{"start":{"line":25,"column":8},"end":{"line":25,"column":36}},"14":{"start":{"line":29,"column":17},"end":{"line":33,"column":3}},"15":{"start":{"line":30,"column":4},"end":{"line":30,"column":36}},"16":{"start":{"line":31,"column":4},"end":{"line":31,"column":35}},"17":{"start":{"line":32,"column":4},"end":{"line":32,"column":27}},"18":{"start":{"line":34,"column":4},"end":{"line":67,"column":5}},"19":{"start":{"line":35,"column":6},"end":{"line":51,"column":7}},"20":{"start":{"line":38,"column":39},"end":{"line":38,"column":50}},"21":{"start":{"line":46,"column":48},"end":{"line":46,"column":56}},"22":{"start":{"line":53,"column":6},"end":{"line":66,"column":7}},"23":{"start":{"line":56,"column":39},"end":{"line":56,"column":50}},"24":{"start":{"line":69,"column":24},"end":{"line":72,"column":1}},"25":{"start":{"line":70,"column":2},"end":{"line":71,"column":3}}},"fnMap":{"0":{"name":"authCheckUser","decl":{"start":{"line":6,"column":9},"end":{"line":6,"column":22}},"loc":{"start":{"line":6,"column":25},"end":{"line":8,"column":1}},"line":6},"1":{"name":"(anonymous_1)","decl":{"start":{"line":9,"column":12},"end":{"line":9,"column":13}},"loc":{"start":{"line":9,"column":23},"end":{"line":68,"column":1}},"line":9},"2":{"name":"(anonymous_2)","decl":{"start":{"line":11,"column":24},"end":{"line":11,"column":25}},"loc":{"start":{"line":11,"column":30},"end":{"line":18,"column":3}},"line":11},"3":{"name":"(anonymous_3)","decl":{"start":{"line":19,"column":20},"end":{"line":19,"column":21}},"loc":{"start":{"line":19,"column":27},"end":{"line":27,"column":3}},"line":19},"4":{"name":"(anonymous_4)","decl":{"start":{"line":29,"column":17},"end":{"line":29,"column":18}},"loc":{"start":{"line":29,"column":24},"end":{"line":33,"column":3}},"line":29},"5":{"name":"(anonymous_5)","decl":{"start":{"line":38,"column":33},"end":{"line":38,"column":34}},"loc":{"start":{"line":38,"column":39},"end":{"line":38,"column":50}},"line":38},"6":{"name":"(anonymous_6)","decl":{"start":{"line":46,"column":42},"end":{"line":46,"column":43}},"loc":{"start":{"line":46,"column":48},"end":{"line":46,"column":56}},"line":46},"7":{"name":"(anonymous_7)","decl":{"start":{"line":56,"column":33},"end":{"line":56,"column":34}},"loc":{"start":{"line":56,"column":39},"end":{"line":56,"column":50}},"line":56},"8":{"name":"(anonymous_8)","decl":{"start":{"line":69,"column":24},"end":{"line":69,"column":25}},"loc":{"start":{"line":69,"column":33},"end":{"line":72,"column":1}},"line":69}},"branchMap":{"0":{"loc":{"start":{"line":13,"column":4},"end":{"line":17,"column":5}},"type":"if","locations":[{"start":{"line":13,"column":4},"end":{"line":17,"column":5}},{"start":{"line":13,"column":4},"end":{"line":17,"column":5}}],"line":13},"1":{"loc":{"start":{"line":22,"column":4},"end":{"line":26,"column":5}},"type":"if","locations":[{"start":{"line":22,"column":4},"end":{"line":26,"column":5}},{"start":{"line":22,"column":4},"end":{"line":26,"column":5}}],"line":22},"2":{"loc":{"start":{"line":34,"column":4},"end":{"line":67,"column":5}},"type":"if","locations":[{"start":{"line":34,"column":4},"end":{"line":67,"column":5}},{"start":{"line":34,"column":4},"end":{"line":67,"column":5}}],"line":34}},"s":{"0":0,"1":1,"2":0,"3":0,"4":0,"5":0,"6":0,"7":0,"8":0,"9":0,"10":0,"11":0,"12":0,"13":0,"14":0,"15":0,"16":0,"17":0,"18":0,"19":0,"20":0,"21":0,"22":0,"23":0,"24":1,"25":0},"f":{"0":0,"1":0,"2":0,"3":0,"4":0,"5":0,"6":0,"7":0,"8":0},"b":{"0":[0,0],"1":[0,0],"2":[0,0]},"_coverageSchema":"43e27e138ebf9cfc5966b082cf9a028302ed4184","hash":"d461c440c8b40629eff4dd7061a426d6e1321847"}
,"/Users/davidwhyte-john/Documents/projects/nodejs/ireporter-webapp/src/components/Record.js": {"path":"/Users/davidwhyte-john/Documents/projects/nodejs/ireporter-webapp/src/components/Record.js","statementMap":{"0":{"start":{"line":7,"column":27},"end":{"line":7,"column":37}},"1":{"start":{"line":8,"column":24},"end":{"line":8,"column":30}},"2":{"start":{"line":9,"column":4},"end":{"line":23,"column":5}}},"fnMap":{"0":{"name":"(anonymous_0)","decl":{"start":{"line":6,"column":2},"end":{"line":6,"column":3}},"loc":{"start":{"line":6,"column":11},"end":{"line":24,"column":3}},"line":6}},"branchMap":{"0":{"loc":{"start":{"line":11,"column":66},"end":{"line":11,"column":134}},"type":"cond-expr","locations":[{"start":{"line":11,"column":79},"end":{"line":11,"column":131}},{"start":{"line":11,"column":132},"end":{"line":11,"column":134}}],"line":11},"1":{"loc":{"start":{"line":12,"column":10},"end":{"line":12,"column":184}},"type":"cond-expr","locations":[{"start":{"line":12,"column":29},"end":{"line":12,"column":85}},{"start":{"line":12,"column":86},"end":{"line":12,"column":184}}],"line":12},"2":{"loc":{"start":{"line":15,"column":9},"end":{"line":17,"column":13}},"type":"cond-expr","locations":[{"start":{"line":16,"column":10},"end":{"line":16,"column":105}},{"start":{"line":17,"column":11},"end":{"line":17,"column":13}}],"line":15},"3":{"loc":{"start":{"line":18,"column":13},"end":{"line":20,"column":15}},"type":"cond-expr","locations":[{"start":{"line":19,"column":12},"end":{"line":19,"column":106}},{"start":{"line":20,"column":13},"end":{"line":20,"column":15}}],"line":18}},"s":{"0":0,"1":0,"2":0},"f":{"0":0},"b":{"0":[0,0],"1":[0,0],"2":[0,0],"3":[0,0]}}
,"/Users/davidwhyte-john/Documents/projects/nodejs/ireporter-webapp/src/components/Records.js": {"path":"/Users/davidwhyte-john/Documents/projects/nodejs/ireporter-webapp/src/components/Records.js","statementMap":{"0":{"start":{"line":17,"column":4},"end":{"line":17,"column":16}},"1":{"start":{"line":20,"column":4},"end":{"line":20,"column":27}},"2":{"start":{"line":23,"column":17},"end":{"line":23,"column":57}},"3":{"start":{"line":24,"column":4},"end":{"line":24,"column":34}},"4":{"start":{"line":25,"column":4},"end":{"line":28,"column":5}},"5":{"start":{"line":26,"column":6},"end":{"line":26,"column":26}},"6":{"start":{"line":27,"column":6},"end":{"line":27,"column":34}},"7":{"start":{"line":29,"column":4},"end":{"line":29,"column":27}},"8":{"start":{"line":30,"column":4},"end":{"line":30,"column":32}},"9":{"start":{"line":31,"column":4},"end":{"line":52,"column":5}},"10":{"start":{"line":32,"column":6},"end":{"line":36,"column":9}},"11":{"start":{"line":38,"column":6},"end":{"line":51,"column":7}},"12":{"start":{"line":48,"column":55},"end":{"line":48,"column":104}},"13":{"start":{"line":56,"column":0},"end":{"line":58,"column":1}},"14":{"start":{"line":60,"column":0},"end":{"line":62,"column":1}},"15":{"start":{"line":63,"column":24},"end":{"line":70,"column":1}},"16":{"start":{"line":64,"column":2},"end":{"line":69,"column":3}},"17":{"start":{"line":72,"column":29},"end":{"line":72,"column":44}}},"fnMap":{"0":{"name":"(anonymous_0)","decl":{"start":{"line":16,"column":2},"end":{"line":16,"column":3}},"loc":{"start":{"line":16,"column":21},"end":{"line":18,"column":3}},"line":16},"1":{"name":"(anonymous_1)","decl":{"start":{"line":19,"column":2},"end":{"line":19,"column":3}},"loc":{"start":{"line":19,"column":22},"end":{"line":21,"column":3}},"line":19},"2":{"name":"(anonymous_2)","decl":{"start":{"line":22,"column":2},"end":{"line":22,"column":3}},"loc":{"start":{"line":22,"column":11},"end":{"line":53,"column":3}},"line":22},"3":{"name":"(anonymous_3)","decl":{"start":{"line":48,"column":36},"end":{"line":48,"column":37}},"loc":{"start":{"line":48,"column":55},"end":{"line":48,"column":104}},"line":48},"4":{"name":"(anonymous_4)","decl":{"start":{"line":63,"column":24},"end":{"line":63,"column":25}},"loc":{"start":{"line":63,"column":33},"end":{"line":70,"column":1}},"line":63},"5":{"name":"(anonymous_5)","decl":{"start":{"line":72,"column":23},"end":{"line":72,"column":24}},"loc":{"start":{"line":72,"column":29},"end":{"line":72,"column":44}},"line":72}},"branchMap":{"0":{"loc":{"start":{"line":25,"column":4},"end":{"line":28,"column":5}},"type":"if","locations":[{"start":{"line":25,"column":4},"end":{"line":28,"column":5}},{"start":{"line":25,"column":4},"end":{"line":28,"column":5}}],"line":25},"1":{"loc":{"start":{"line":31,"column":4},"end":{"line":52,"column":5}},"type":"if","locations":[{"start":{"line":31,"column":4},"end":{"line":52,"column":5}},{"start":{"line":31,"column":4},"end":{"line":52,"column":5}}],"line":31},"2":{"loc":{"start":{"line":40,"column":11},"end":{"line":45,"column":15}},"type":"cond-expr","locations":[{"start":{"line":41,"column":12},"end":{"line":43,"column":22}},{"start":{"line":45,"column":12},"end":{"line":45,"column":14}}],"line":40},"3":{"loc":{"start":{"line":47,"column":11},"end":{"line":49,"column":16}},"type":"cond-expr","locations":[{"start":{"line":48,"column":13},"end":{"line":48,"column":105}},{"start":{"line":49,"column":14},"end":{"line":49,"column":16}}],"line":47}},"s":{"0":0,"1":0,"2":0,"3":0,"4":0,"5":0,"6":0,"7":0,"8":0,"9":0,"10":0,"11":0,"12":0,"13":0,"14":0,"15":0,"16":0,"17":0},"f":{"0":0,"1":0,"2":0,"3":0,"4":0,"5":0},"b":{"0":[0,0],"1":[0,0],"2":[0,0],"3":[0,0]}}
,"/Users/davidwhyte-john/Documents/projects/nodejs/ireporter-webapp/src/components/Root.js": {"path":"/Users/davidwhyte-john/Documents/projects/nodejs/ireporter-webapp/src/components/Root.js","statementMap":{"0":{"start":{"line":5,"column":8},"end":{"line":9,"column":9}}},"fnMap":{"0":{"name":"(anonymous_0)","decl":{"start":{"line":4,"column":4},"end":{"line":4,"column":5}},"loc":{"start":{"line":4,"column":12},"end":{"line":10,"column":5}},"line":4}},"branchMap":{},"s":{"0":0},"f":{"0":0},"b":{}}
,"/Users/davidwhyte-john/Documents/projects/nodejs/ireporter-webapp/src/components/Routes.js": {"path":"/Users/davidwhyte-john/Documents/projects/nodejs/ireporter-webapp/src/components/Routes.js","statementMap":{"0":{"start":{"line":11,"column":15},"end":{"line":23,"column":1}},"1":{"start":{"line":12,"column":2},"end":{"line":22,"column":4}},"2":{"start":{"line":25,"column":24},"end":{"line":27,"column":2}},"3":{"start":{"line":25,"column":34},"end":{"line":27,"column":1}},"4":{"start":{"line":28,"column":29},"end":{"line":28,"column":44}}},"fnMap":{"0":{"name":"(anonymous_0)","decl":{"start":{"line":11,"column":15},"end":{"line":11,"column":16}},"loc":{"start":{"line":11,"column":26},"end":{"line":23,"column":1}},"line":11},"1":{"name":"(anonymous_1)","decl":{"start":{"line":25,"column":24},"end":{"line":25,"column":25}},"loc":{"start":{"line":25,"column":34},"end":{"line":27,"column":1}},"line":25},"2":{"name":"(anonymous_2)","decl":{"start":{"line":28,"column":23},"end":{"line":28,"column":24}},"loc":{"start":{"line":28,"column":29},"end":{"line":28,"column":44}},"line":28}},"branchMap":{},"s":{"0":0,"1":0,"2":0,"3":0,"4":0},"f":{"0":0,"1":0,"2":0},"b":{}}
,"/Users/davidwhyte-john/Documents/projects/nodejs/ireporter-webapp/src/components/Signin.js": {"path":"/Users/davidwhyte-john/Documents/projects/nodejs/ireporter-webapp/src/components/Signin.js","statementMap":{"0":{"start":{"line":25,"column":4},"end":{"line":25,"column":22}},"1":{"start":{"line":26,"column":21},"end":{"line":34,"column":5}},"2":{"start":{"line":35,"column":4},"end":{"line":35,"column":25}},"3":{"start":{"line":36,"column":4},"end":{"line":36,"column":35}},"4":{"start":{"line":39,"column":17},"end":{"line":39,"column":39}},"5":{"start":{"line":40,"column":4},"end":{"line":40,"column":55}},"6":{"start":{"line":41,"column":4},"end":{"line":41,"column":28}},"7":{"start":{"line":45,"column":2},"end":{"line":45,"column":25}},"8":{"start":{"line":46,"column":2},"end":{"line":48,"column":3}},"9":{"start":{"line":47,"column":4},"end":{"line":47,"column":32}},"10":{"start":{"line":49,"column":32},"end":{"line":49,"column":47}},"11":{"start":{"line":50,"column":4},"end":{"line":76,"column":5}},"12":{"start":{"line":80,"column":0},"end":{"line":82,"column":1}},"13":{"start":{"line":84,"column":24},"end":{"line":92,"column":1}},"14":{"start":{"line":85,"column":2},"end":{"line":91,"column":3}},"15":{"start":{"line":93,"column":29},"end":{"line":93,"column":44}}},"fnMap":{"0":{"name":"(anonymous_0)","decl":{"start":{"line":24,"column":17},"end":{"line":24,"column":18}},"loc":{"start":{"line":24,"column":24},"end":{"line":37,"column":3}},"line":24},"1":{"name":"(anonymous_1)","decl":{"start":{"line":38,"column":17},"end":{"line":38,"column":18}},"loc":{"start":{"line":38,"column":24},"end":{"line":43,"column":3}},"line":38},"2":{"name":"(anonymous_2)","decl":{"start":{"line":44,"column":2},"end":{"line":44,"column":3}},"loc":{"start":{"line":44,"column":11},"end":{"line":77,"column":3}},"line":44},"3":{"name":"(anonymous_3)","decl":{"start":{"line":84,"column":24},"end":{"line":84,"column":25}},"loc":{"start":{"line":84,"column":33},"end":{"line":92,"column":1}},"line":84},"4":{"name":"(anonymous_4)","decl":{"start":{"line":93,"column":23},"end":{"line":93,"column":24}},"loc":{"start":{"line":93,"column":29},"end":{"line":93,"column":44}},"line":93}},"branchMap":{"0":{"loc":{"start":{"line":46,"column":2},"end":{"line":48,"column":3}},"type":"if","locations":[{"start":{"line":46,"column":2},"end":{"line":48,"column":3}},{"start":{"line":46,"column":2},"end":{"line":48,"column":3}}],"line":46},"1":{"loc":{"start":{"line":67,"column":101},"end":{"line":67,"column":143}},"type":"cond-expr","locations":[{"start":{"line":67,"column":121},"end":{"line":67,"column":133}},{"start":{"line":67,"column":135},"end":{"line":67,"column":143}}],"line":67}},"s":{"0":0,"1":0,"2":0,"3":0,"4":0,"5":0,"6":0,"7":0,"8":0,"9":0,"10":0,"11":0,"12":0,"13":0,"14":0,"15":0},"f":{"0":0,"1":0,"2":0,"3":0,"4":0},"b":{"0":[0,0],"1":[0,0]}}
,"/Users/davidwhyte-john/Documents/projects/nodejs/ireporter-webapp/src/components/Signup.js": {"path":"/Users/davidwhyte-john/Documents/projects/nodejs/ireporter-webapp/src/components/Signup.js","statementMap":{"0":{"start":{"line":25,"column":4},"end":{"line":25,"column":22}},"1":{"start":{"line":26,"column":21},"end":{"line":34,"column":5}},"2":{"start":{"line":35,"column":4},"end":{"line":35,"column":35}},"3":{"start":{"line":38,"column":17},"end":{"line":38,"column":39}},"4":{"start":{"line":39,"column":4},"end":{"line":39,"column":55}},"5":{"start":{"line":40,"column":4},"end":{"line":40,"column":28}},"6":{"start":{"line":44,"column":2},"end":{"line":46,"column":3}},"7":{"start":{"line":45,"column":4},"end":{"line":45,"column":32}},"8":{"start":{"line":47,"column":32},"end":{"line":47,"column":47}},"9":{"start":{"line":48,"column":4},"end":{"line":89,"column":5}},"10":{"start":{"line":93,"column":0},"end":{"line":95,"column":1}},"11":{"start":{"line":97,"column":24},"end":{"line":105,"column":1}},"12":{"start":{"line":98,"column":2},"end":{"line":104,"column":3}},"13":{"start":{"line":106,"column":29},"end":{"line":106,"column":44}}},"fnMap":{"0":{"name":"(anonymous_0)","decl":{"start":{"line":24,"column":17},"end":{"line":24,"column":18}},"loc":{"start":{"line":24,"column":24},"end":{"line":36,"column":3}},"line":24},"1":{"name":"(anonymous_1)","decl":{"start":{"line":37,"column":17},"end":{"line":37,"column":18}},"loc":{"start":{"line":37,"column":24},"end":{"line":42,"column":3}},"line":37},"2":{"name":"(anonymous_2)","decl":{"start":{"line":43,"column":2},"end":{"line":43,"column":3}},"loc":{"start":{"line":43,"column":11},"end":{"line":90,"column":3}},"line":43},"3":{"name":"(anonymous_3)","decl":{"start":{"line":97,"column":24},"end":{"line":97,"column":25}},"loc":{"start":{"line":97,"column":33},"end":{"line":105,"column":1}},"line":97},"4":{"name":"(anonymous_4)","decl":{"start":{"line":106,"column":23},"end":{"line":106,"column":24}},"loc":{"start":{"line":106,"column":29},"end":{"line":106,"column":44}},"line":106}},"branchMap":{"0":{"loc":{"start":{"line":44,"column":2},"end":{"line":46,"column":3}},"type":"if","locations":[{"start":{"line":44,"column":2},"end":{"line":46,"column":3}},{"start":{"line":44,"column":2},"end":{"line":46,"column":3}}],"line":44},"1":{"loc":{"start":{"line":80,"column":116},"end":{"line":80,"column":158}},"type":"cond-expr","locations":[{"start":{"line":80,"column":136},"end":{"line":80,"column":148}},{"start":{"line":80,"column":150},"end":{"line":80,"column":158}}],"line":80}},"s":{"0":0,"1":0,"2":0,"3":0,"4":0,"5":0,"6":0,"7":0,"8":0,"9":0,"10":0,"11":0,"12":0,"13":0},"f":{"0":0,"1":0,"2":0,"3":0,"4":0},"b":{"0":[0,0],"1":[0,0]}}
}
