{"/Users/davidwhyte-john/Documents/projects/nodejs/ireporter-webapp/src/components/Alert.jsx": {"path":"/Users/davidwhyte-john/Documents/projects/nodejs/ireporter-webapp/src/components/Alert.jsx","statementMap":{"0":{"start":{"line":7,"column":8},"end":{"line":7,"column":26}},"1":{"start":{"line":8,"column":26},"end":{"line":8,"column":36}},"2":{"start":{"line":9,"column":8},"end":{"line":9,"column":33}},"3":{"start":{"line":9,"column":22},"end":{"line":9,"column":33}},"4":{"start":{"line":12,"column":6},"end":{"line":12,"column":29}},"5":{"start":{"line":13,"column":6},"end":{"line":15,"column":7}},"6":{"start":{"line":14,"column":8},"end":{"line":14,"column":19}},"7":{"start":{"line":16,"column":26},"end":{"line":16,"column":28}},"8":{"start":{"line":17,"column":14},"end":{"line":17,"column":15}},"9":{"start":{"line":18,"column":6},"end":{"line":20,"column":5}},"10":{"start":{"line":19,"column":8},"end":{"line":19,"column":49}},"11":{"start":{"line":21,"column":4},"end":{"line":21,"column":30}},"12":{"start":{"line":22,"column":4},"end":{"line":24,"column":5}},"13":{"start":{"line":23,"column":6},"end":{"line":23,"column":17}},"14":{"start":{"line":25,"column":8},"end":{"line":41,"column":7}},"15":{"start":{"line":26,"column":10},"end":{"line":35,"column":9}},"16":{"start":{"line":27,"column":12},"end":{"line":34,"column":13}},"17":{"start":{"line":31,"column":56},"end":{"line":31,"column":88}},"18":{"start":{"line":36,"column":8},"end":{"line":40,"column":9}},"19":{"start":{"line":42,"column":6},"end":{"line":46,"column":7}}},"fnMap":{"0":{"name":"(anonymous_0)","decl":{"start":{"line":6,"column":12},"end":{"line":6,"column":13}},"loc":{"start":{"line":6,"column":17},"end":{"line":10,"column":5}},"line":6},"1":{"name":"(anonymous_1)","decl":{"start":{"line":11,"column":4},"end":{"line":11,"column":5}},"loc":{"start":{"line":11,"column":12},"end":{"line":47,"column":5}},"line":11},"2":{"name":"(anonymous_2)","decl":{"start":{"line":31,"column":37},"end":{"line":31,"column":38}},"loc":{"start":{"line":31,"column":56},"end":{"line":31,"column":88}},"line":31}},"branchMap":{"0":{"loc":{"start":{"line":9,"column":8},"end":{"line":9,"column":33}},"type":"if","locations":[{"start":{"line":9,"column":8},"end":{"line":9,"column":33}},{"start":{"line":9,"column":8},"end":{"line":9,"column":33}}],"line":9},"1":{"loc":{"start":{"line":13,"column":6},"end":{"line":15,"column":7}},"type":"if","locations":[{"start":{"line":13,"column":6},"end":{"line":15,"column":7}},{"start":{"line":13,"column":6},"end":{"line":15,"column":7}}],"line":13},"2":{"loc":{"start":{"line":22,"column":4},"end":{"line":24,"column":5}},"type":"if","locations":[{"start":{"line":22,"column":4},"end":{"line":24,"column":5}},{"start":{"line":22,"column":4},"end":{"line":24,"column":5}}],"line":22},"3":{"loc":{"start":{"line":25,"column":8},"end":{"line":41,"column":7}},"type":"if","locations":[{"start":{"line":25,"column":8},"end":{"line":41,"column":7}},{"start":{"line":25,"column":8},"end":{"line":41,"column":7}}],"line":25},"4":{"loc":{"start":{"line":26,"column":10},"end":{"line":35,"column":9}},"type":"if","locations":[{"start":{"line":26,"column":10},"end":{"line":35,"column":9}},{"start":{"line":26,"column":10},"end":{"line":35,"column":9}}],"line":26}},"s":{"0":0,"1":0,"2":0,"3":0,"4":8,"5":8,"6":3,"7":5,"8":5,"9":5,"10":1,"11":5,"12":5,"13":4,"14":1,"15":1,"16":1,"17":1,"18":0,"19":0},"f":{"0":0,"1":8,"2":1},"b":{"0":[0,0],"1":[3,5],"2":[4,1],"3":[1,0],"4":[1,0]},"_coverageSchema":"43e27e138ebf9cfc5966b082cf9a028302ed4184","hash":"00dfda1c168dd5f198f54cca7b791715143dd1cc"}
,"/Users/davidwhyte-john/Documents/projects/nodejs/ireporter-webapp/src/components/Home.jsx": {"path":"/Users/davidwhyte-john/Documents/projects/nodejs/ireporter-webapp/src/components/Home.jsx","statementMap":{"0":{"start":{"line":8,"column":4},"end":{"line":8,"column":33}},"1":{"start":{"line":9,"column":4},"end":{"line":20,"column":5}},"2":{"start":{"line":24,"column":24},"end":{"line":28,"column":1}},"3":{"start":{"line":25,"column":2},"end":{"line":27,"column":3}},"4":{"start":{"line":29,"column":29},"end":{"line":29,"column":44}}},"fnMap":{"0":{"name":"(anonymous_0)","decl":{"start":{"line":7,"column":2},"end":{"line":7,"column":3}},"loc":{"start":{"line":7,"column":11},"end":{"line":21,"column":3}},"line":7},"1":{"name":"(anonymous_1)","decl":{"start":{"line":24,"column":24},"end":{"line":24,"column":25}},"loc":{"start":{"line":24,"column":33},"end":{"line":28,"column":1}},"line":24},"2":{"name":"(anonymous_2)","decl":{"start":{"line":29,"column":23},"end":{"line":29,"column":24}},"loc":{"start":{"line":29,"column":29},"end":{"line":29,"column":44}},"line":29}},"branchMap":{},"s":{"0":2,"1":2,"2":2,"3":2,"4":2},"f":{"0":2,"1":2,"2":2},"b":{},"_coverageSchema":"43e27e138ebf9cfc5966b082cf9a028302ed4184","hash":"cbca820c20373571ad5276d6e5d6632fab523b1b"}
,"/Users/davidwhyte-john/Documents/projects/nodejs/ireporter-webapp/src/components/Record.jsx": {"path":"/Users/davidwhyte-john/Documents/projects/nodejs/ireporter-webapp/src/components/Record.jsx","statementMap":{"0":{"start":{"line":5,"column":27},"end":{"line":5,"column":37}},"1":{"start":{"line":6,"column":24},"end":{"line":6,"column":30}},"2":{"start":{"line":7,"column":4},"end":{"line":21,"column":5}}},"fnMap":{"0":{"name":"(anonymous_0)","decl":{"start":{"line":4,"column":2},"end":{"line":4,"column":3}},"loc":{"start":{"line":4,"column":11},"end":{"line":22,"column":3}},"line":4}},"branchMap":{"0":{"loc":{"start":{"line":9,"column":66},"end":{"line":9,"column":134}},"type":"cond-expr","locations":[{"start":{"line":9,"column":79},"end":{"line":9,"column":131}},{"start":{"line":9,"column":132},"end":{"line":9,"column":134}}],"line":9},"1":{"loc":{"start":{"line":10,"column":10},"end":{"line":10,"column":184}},"type":"cond-expr","locations":[{"start":{"line":10,"column":29},"end":{"line":10,"column":85}},{"start":{"line":10,"column":86},"end":{"line":10,"column":184}}],"line":10},"2":{"loc":{"start":{"line":13,"column":9},"end":{"line":15,"column":13}},"type":"cond-expr","locations":[{"start":{"line":14,"column":10},"end":{"line":14,"column":105}},{"start":{"line":15,"column":11},"end":{"line":15,"column":13}}],"line":13},"3":{"loc":{"start":{"line":16,"column":13},"end":{"line":18,"column":15}},"type":"cond-expr","locations":[{"start":{"line":17,"column":12},"end":{"line":17,"column":106}},{"start":{"line":18,"column":13},"end":{"line":18,"column":15}}],"line":16}},"s":{"0":1,"1":1,"2":1},"f":{"0":1},"b":{"0":[0,1],"1":[1,0],"2":[0,1],"3":[0,1]},"_coverageSchema":"43e27e138ebf9cfc5966b082cf9a028302ed4184","hash":"73b30b4547fdc2d6fb6858435dd544a39e0d2818"}
,"/Users/davidwhyte-john/Documents/projects/nodejs/ireporter-webapp/src/components/Records.jsx": {"path":"/Users/davidwhyte-john/Documents/projects/nodejs/ireporter-webapp/src/components/Records.jsx","statementMap":{"0":{"start":{"line":14,"column":4},"end":{"line":14,"column":16}},"1":{"start":{"line":17,"column":4},"end":{"line":17,"column":27}},"2":{"start":{"line":20,"column":17},"end":{"line":20,"column":57}},"3":{"start":{"line":21,"column":4},"end":{"line":21,"column":34}},"4":{"start":{"line":22,"column":4},"end":{"line":25,"column":5}},"5":{"start":{"line":23,"column":6},"end":{"line":23,"column":26}},"6":{"start":{"line":24,"column":6},"end":{"line":24,"column":34}},"7":{"start":{"line":26,"column":4},"end":{"line":26,"column":27}},"8":{"start":{"line":27,"column":4},"end":{"line":27,"column":32}},"9":{"start":{"line":28,"column":4},"end":{"line":49,"column":5}},"10":{"start":{"line":29,"column":6},"end":{"line":33,"column":9}},"11":{"start":{"line":35,"column":6},"end":{"line":48,"column":7}},"12":{"start":{"line":45,"column":55},"end":{"line":45,"column":104}},"13":{"start":{"line":53,"column":0},"end":{"line":55,"column":1}},"14":{"start":{"line":57,"column":0},"end":{"line":59,"column":1}},"15":{"start":{"line":60,"column":24},"end":{"line":67,"column":1}},"16":{"start":{"line":61,"column":2},"end":{"line":66,"column":3}},"17":{"start":{"line":69,"column":29},"end":{"line":69,"column":44}}},"fnMap":{"0":{"name":"(anonymous_0)","decl":{"start":{"line":13,"column":2},"end":{"line":13,"column":3}},"loc":{"start":{"line":13,"column":21},"end":{"line":15,"column":3}},"line":13},"1":{"name":"(anonymous_1)","decl":{"start":{"line":16,"column":2},"end":{"line":16,"column":3}},"loc":{"start":{"line":16,"column":22},"end":{"line":18,"column":3}},"line":16},"2":{"name":"(anonymous_2)","decl":{"start":{"line":19,"column":2},"end":{"line":19,"column":3}},"loc":{"start":{"line":19,"column":11},"end":{"line":50,"column":3}},"line":19},"3":{"name":"(anonymous_3)","decl":{"start":{"line":45,"column":36},"end":{"line":45,"column":37}},"loc":{"start":{"line":45,"column":55},"end":{"line":45,"column":104}},"line":45},"4":{"name":"(anonymous_4)","decl":{"start":{"line":60,"column":24},"end":{"line":60,"column":25}},"loc":{"start":{"line":60,"column":33},"end":{"line":67,"column":1}},"line":60},"5":{"name":"(anonymous_5)","decl":{"start":{"line":69,"column":23},"end":{"line":69,"column":24}},"loc":{"start":{"line":69,"column":29},"end":{"line":69,"column":44}},"line":69}},"branchMap":{"0":{"loc":{"start":{"line":22,"column":4},"end":{"line":25,"column":5}},"type":"if","locations":[{"start":{"line":22,"column":4},"end":{"line":25,"column":5}},{"start":{"line":22,"column":4},"end":{"line":25,"column":5}}],"line":22},"1":{"loc":{"start":{"line":28,"column":4},"end":{"line":49,"column":5}},"type":"if","locations":[{"start":{"line":28,"column":4},"end":{"line":49,"column":5}},{"start":{"line":28,"column":4},"end":{"line":49,"column":5}}],"line":28},"2":{"loc":{"start":{"line":37,"column":11},"end":{"line":42,"column":15}},"type":"cond-expr","locations":[{"start":{"line":38,"column":12},"end":{"line":40,"column":22}},{"start":{"line":42,"column":12},"end":{"line":42,"column":14}}],"line":37},"3":{"loc":{"start":{"line":44,"column":11},"end":{"line":46,"column":16}},"type":"cond-expr","locations":[{"start":{"line":45,"column":13},"end":{"line":45,"column":105}},{"start":{"line":46,"column":14},"end":{"line":46,"column":16}}],"line":44}},"s":{"0":1,"1":1,"2":1,"3":1,"4":1,"5":0,"6":0,"7":1,"8":1,"9":1,"10":0,"11":1,"12":0,"13":2,"14":2,"15":2,"16":1,"17":1},"f":{"0":1,"1":1,"2":1,"3":0,"4":1,"5":1},"b":{"0":[0,1],"1":[0,1],"2":[0,1],"3":[1,0]},"_coverageSchema":"43e27e138ebf9cfc5966b082cf9a028302ed4184","hash":"de868e31a85f8f052829ff4662ddfb3982778c0e"}
,"/Users/davidwhyte-john/Documents/projects/nodejs/ireporter-webapp/src/components/Routes.jsx": {"path":"/Users/davidwhyte-john/Documents/projects/nodejs/ireporter-webapp/src/components/Routes.jsx","statementMap":{"0":{"start":{"line":11,"column":15},"end":{"line":23,"column":1}},"1":{"start":{"line":12,"column":2},"end":{"line":22,"column":4}},"2":{"start":{"line":25,"column":24},"end":{"line":27,"column":2}},"3":{"start":{"line":25,"column":34},"end":{"line":27,"column":1}},"4":{"start":{"line":28,"column":29},"end":{"line":28,"column":44}}},"fnMap":{"0":{"name":"(anonymous_0)","decl":{"start":{"line":11,"column":15},"end":{"line":11,"column":16}},"loc":{"start":{"line":11,"column":26},"end":{"line":23,"column":1}},"line":11},"1":{"name":"(anonymous_1)","decl":{"start":{"line":25,"column":24},"end":{"line":25,"column":25}},"loc":{"start":{"line":25,"column":34},"end":{"line":27,"column":1}},"line":25},"2":{"name":"(anonymous_2)","decl":{"start":{"line":28,"column":23},"end":{"line":28,"column":24}},"loc":{"start":{"line":28,"column":29},"end":{"line":28,"column":44}},"line":28}},"branchMap":{},"s":{"0":1,"1":1,"2":1,"3":1,"4":1},"f":{"0":1,"1":1,"2":1},"b":{},"_coverageSchema":"43e27e138ebf9cfc5966b082cf9a028302ed4184","hash":"14632aef5982aa0b46cb42cd0baf3a7d18c10ca0"}
,"/Users/davidwhyte-john/Documents/projects/nodejs/ireporter-webapp/src/components/Signin.jsx": {"path":"/Users/davidwhyte-john/Documents/projects/nodejs/ireporter-webapp/src/components/Signin.jsx","statementMap":{"0":{"start":{"line":23,"column":4},"end":{"line":23,"column":22}},"1":{"start":{"line":24,"column":21},"end":{"line":32,"column":5}},"2":{"start":{"line":33,"column":4},"end":{"line":33,"column":25}},"3":{"start":{"line":34,"column":4},"end":{"line":34,"column":35}},"4":{"start":{"line":37,"column":17},"end":{"line":37,"column":39}},"5":{"start":{"line":38,"column":4},"end":{"line":38,"column":55}},"6":{"start":{"line":39,"column":4},"end":{"line":39,"column":28}},"7":{"start":{"line":43,"column":2},"end":{"line":43,"column":25}},"8":{"start":{"line":44,"column":2},"end":{"line":46,"column":3}},"9":{"start":{"line":45,"column":4},"end":{"line":45,"column":32}},"10":{"start":{"line":47,"column":32},"end":{"line":47,"column":47}},"11":{"start":{"line":48,"column":4},"end":{"line":74,"column":5}},"12":{"start":{"line":78,"column":0},"end":{"line":80,"column":1}},"13":{"start":{"line":82,"column":24},"end":{"line":88,"column":1}},"14":{"start":{"line":83,"column":2},"end":{"line":87,"column":3}},"15":{"start":{"line":89,"column":29},"end":{"line":89,"column":44}}},"fnMap":{"0":{"name":"(anonymous_0)","decl":{"start":{"line":22,"column":17},"end":{"line":22,"column":18}},"loc":{"start":{"line":22,"column":24},"end":{"line":35,"column":3}},"line":22},"1":{"name":"(anonymous_1)","decl":{"start":{"line":36,"column":17},"end":{"line":36,"column":18}},"loc":{"start":{"line":36,"column":24},"end":{"line":41,"column":3}},"line":36},"2":{"name":"(anonymous_2)","decl":{"start":{"line":42,"column":2},"end":{"line":42,"column":3}},"loc":{"start":{"line":42,"column":11},"end":{"line":75,"column":3}},"line":42},"3":{"name":"(anonymous_3)","decl":{"start":{"line":82,"column":24},"end":{"line":82,"column":25}},"loc":{"start":{"line":82,"column":33},"end":{"line":88,"column":1}},"line":82},"4":{"name":"(anonymous_4)","decl":{"start":{"line":89,"column":23},"end":{"line":89,"column":24}},"loc":{"start":{"line":89,"column":29},"end":{"line":89,"column":44}},"line":89}},"branchMap":{"0":{"loc":{"start":{"line":44,"column":2},"end":{"line":46,"column":3}},"type":"if","locations":[{"start":{"line":44,"column":2},"end":{"line":46,"column":3}},{"start":{"line":44,"column":2},"end":{"line":46,"column":3}}],"line":44},"1":{"loc":{"start":{"line":65,"column":101},"end":{"line":65,"column":143}},"type":"cond-expr","locations":[{"start":{"line":65,"column":121},"end":{"line":65,"column":133}},{"start":{"line":65,"column":135},"end":{"line":65,"column":143}}],"line":65}},"s":{"0":0,"1":0,"2":0,"3":0,"4":0,"5":0,"6":0,"7":3,"8":3,"9":0,"10":3,"11":3,"12":2,"13":2,"14":3,"15":3},"f":{"0":0,"1":0,"2":3,"3":3,"4":3},"b":{"0":[0,3],"1":[0,3]},"_coverageSchema":"43e27e138ebf9cfc5966b082cf9a028302ed4184","hash":"6c39bd2ccaa8c97bdce3ad4fbddd92ae8c4628bf"}
,"/Users/davidwhyte-john/Documents/projects/nodejs/ireporter-webapp/src/components/Signup.jsx": {"path":"/Users/davidwhyte-john/Documents/projects/nodejs/ireporter-webapp/src/components/Signup.jsx","statementMap":{"0":{"start":{"line":22,"column":4},"end":{"line":22,"column":22}},"1":{"start":{"line":23,"column":21},"end":{"line":31,"column":5}},"2":{"start":{"line":32,"column":4},"end":{"line":32,"column":35}},"3":{"start":{"line":35,"column":17},"end":{"line":35,"column":39}},"4":{"start":{"line":36,"column":4},"end":{"line":36,"column":55}},"5":{"start":{"line":37,"column":4},"end":{"line":37,"column":28}},"6":{"start":{"line":41,"column":2},"end":{"line":43,"column":3}},"7":{"start":{"line":42,"column":4},"end":{"line":42,"column":32}},"8":{"start":{"line":44,"column":32},"end":{"line":44,"column":47}},"9":{"start":{"line":45,"column":4},"end":{"line":86,"column":5}},"10":{"start":{"line":90,"column":0},"end":{"line":92,"column":1}},"11":{"start":{"line":94,"column":24},"end":{"line":100,"column":1}},"12":{"start":{"line":95,"column":2},"end":{"line":99,"column":3}},"13":{"start":{"line":101,"column":29},"end":{"line":101,"column":44}}},"fnMap":{"0":{"name":"(anonymous_0)","decl":{"start":{"line":21,"column":17},"end":{"line":21,"column":18}},"loc":{"start":{"line":21,"column":24},"end":{"line":33,"column":3}},"line":21},"1":{"name":"(anonymous_1)","decl":{"start":{"line":34,"column":17},"end":{"line":34,"column":18}},"loc":{"start":{"line":34,"column":24},"end":{"line":39,"column":3}},"line":34},"2":{"name":"(anonymous_2)","decl":{"start":{"line":40,"column":2},"end":{"line":40,"column":3}},"loc":{"start":{"line":40,"column":11},"end":{"line":87,"column":3}},"line":40},"3":{"name":"(anonymous_3)","decl":{"start":{"line":94,"column":24},"end":{"line":94,"column":25}},"loc":{"start":{"line":94,"column":33},"end":{"line":100,"column":1}},"line":94},"4":{"name":"(anonymous_4)","decl":{"start":{"line":101,"column":23},"end":{"line":101,"column":24}},"loc":{"start":{"line":101,"column":29},"end":{"line":101,"column":44}},"line":101}},"branchMap":{"0":{"loc":{"start":{"line":41,"column":2},"end":{"line":43,"column":3}},"type":"if","locations":[{"start":{"line":41,"column":2},"end":{"line":43,"column":3}},{"start":{"line":41,"column":2},"end":{"line":43,"column":3}}],"line":41},"1":{"loc":{"start":{"line":77,"column":116},"end":{"line":77,"column":158}},"type":"cond-expr","locations":[{"start":{"line":77,"column":136},"end":{"line":77,"column":148}},{"start":{"line":77,"column":150},"end":{"line":77,"column":158}}],"line":77}},"s":{"0":0,"1":0,"2":0,"3":0,"4":0,"5":0,"6":1,"7":0,"8":1,"9":1,"10":2,"11":2,"12":1,"13":1},"f":{"0":0,"1":0,"2":1,"3":1,"4":1},"b":{"0":[0,1],"1":[0,1]},"_coverageSchema":"43e27e138ebf9cfc5966b082cf9a028302ed4184","hash":"4d1c49686bcbe553a158962ef5189b279162e5a2"}
}
