TN:
SF:/Users/davidwhyte-john/Documents/projects/nodejs/ireporter-webapp/src/components/Alert.jsx
FN:6,(anonymous_0)
FN:11,(anonymous_1)
FN:31,(anonymous_2)
FNF:3
FNH:2
FNDA:0,(anonymous_0)
FNDA:8,(anonymous_1)
FNDA:1,(anonymous_2)
DA:7,0
DA:8,0
DA:9,0
DA:12,8
DA:13,8
DA:14,3
DA:16,5
DA:17,5
DA:18,5
DA:19,1
DA:21,5
DA:22,5
DA:23,4
DA:25,1
DA:26,1
DA:27,1
DA:31,1
DA:36,0
DA:42,0
LF:19
LH:14
BRDA:9,0,0,0
BRDA:9,0,1,0
BRDA:13,1,0,3
BRDA:13,1,1,5
BRDA:22,2,0,4
BRDA:22,2,1,1
BRDA:25,3,0,1
BRDA:25,3,1,0
BRDA:26,4,0,1
BRDA:26,4,1,0
BRF:10
BRH:6
end_of_record
TN:
SF:/Users/davidwhyte-john/Documents/projects/nodejs/ireporter-webapp/src/components/Home.jsx
FN:7,(anonymous_0)
FN:24,(anonymous_1)
FN:29,(anonymous_2)
FNF:3
FNH:3
FNDA:2,(anonymous_0)
FNDA:2,(anonymous_1)
FNDA:2,(anonymous_2)
DA:8,2
DA:9,2
DA:24,2
DA:25,2
DA:29,2
LF:5
LH:5
BRF:0
BRH:0
end_of_record
TN:
SF:/Users/davidwhyte-john/Documents/projects/nodejs/ireporter-webapp/src/components/Record.jsx
FN:4,(anonymous_0)
FNF:1
FNH:1
FNDA:1,(anonymous_0)
DA:5,1
DA:6,1
DA:7,1
LF:3
LH:3
BRDA:9,0,0,0
BRDA:9,0,1,1
BRDA:10,1,0,1
BRDA:10,1,1,0
BRDA:13,2,0,0
BRDA:13,2,1,1
BRDA:16,3,0,0
BRDA:16,3,1,1
BRF:8
BRH:4
end_of_record
TN:
SF:/Users/davidwhyte-john/Documents/projects/nodejs/ireporter-webapp/src/components/Records.jsx
FN:13,(anonymous_0)
FN:16,(anonymous_1)
FN:19,(anonymous_2)
FN:45,(anonymous_3)
FN:60,(anonymous_4)
FN:69,(anonymous_5)
FNF:6
FNH:5
FNDA:1,(anonymous_0)
FNDA:1,(anonymous_1)
FNDA:1,(anonymous_2)
FNDA:0,(anonymous_3)
FNDA:1,(anonymous_4)
FNDA:1,(anonymous_5)
DA:14,1
DA:17,1
DA:20,1
DA:21,1
DA:22,1
DA:23,0
DA:24,0
DA:26,1
DA:27,1
DA:28,1
DA:29,0
DA:35,1
DA:45,0
DA:53,2
DA:57,2
DA:60,2
DA:61,1
DA:69,1
LF:18
LH:14
BRDA:22,0,0,0
BRDA:22,0,1,1
BRDA:28,1,0,0
BRDA:28,1,1,1
BRDA:37,2,0,0
BRDA:37,2,1,1
BRDA:44,3,0,1
BRDA:44,3,1,0
BRF:8
BRH:4
end_of_record
TN:
SF:/Users/davidwhyte-john/Documents/projects/nodejs/ireporter-webapp/src/components/Routes.jsx
FN:11,(anonymous_0)
FN:25,(anonymous_1)
FN:28,(anonymous_2)
FNF:3
FNH:3
FNDA:1,(anonymous_0)
FNDA:1,(anonymous_1)
FNDA:1,(anonymous_2)
DA:11,1
DA:12,1
DA:25,1
DA:28,1
LF:4
LH:4
BRF:0
BRH:0
end_of_record
TN:
SF:/Users/davidwhyte-john/Documents/projects/nodejs/ireporter-webapp/src/components/Signin.jsx
FN:22,(anonymous_0)
FN:36,(anonymous_1)
FN:42,(anonymous_2)
FN:82,(anonymous_3)
FN:89,(anonymous_4)
FNF:5
FNH:3
FNDA:0,(anonymous_0)
FNDA:0,(anonymous_1)
FNDA:3,(anonymous_2)
FNDA:3,(anonymous_3)
FNDA:3,(anonymous_4)
DA:23,0
DA:24,0
DA:33,0
DA:34,0
DA:37,0
DA:38,0
DA:39,0
DA:43,3
DA:44,3
DA:45,0
DA:47,3
DA:48,3
DA:78,2
DA:82,2
DA:83,3
DA:89,3
LF:16
LH:8
BRDA:44,0,0,0
BRDA:44,0,1,3
BRDA:65,1,0,0
BRDA:65,1,1,3
BRF:4
BRH:2
end_of_record
TN:
SF:/Users/davidwhyte-john/Documents/projects/nodejs/ireporter-webapp/src/components/Signup.jsx
FN:21,(anonymous_0)
FN:34,(anonymous_1)
FN:40,(anonymous_2)
FN:94,(anonymous_3)
FN:101,(anonymous_4)
FNF:5
FNH:3
FNDA:0,(anonymous_0)
FNDA:0,(anonymous_1)
FNDA:1,(anonymous_2)
FNDA:1,(anonymous_3)
FNDA:1,(anonymous_4)
DA:22,0
DA:23,0
DA:32,0
DA:35,0
DA:36,0
DA:37,0
DA:41,1
DA:42,0
DA:44,1
DA:45,1
DA:90,2
DA:94,2
DA:95,1
DA:101,1
LF:14
LH:7
BRDA:41,0,0,0
BRDA:41,0,1,1
BRDA:77,1,0,0
BRDA:77,1,1,1
BRF:4
BRH:2
end_of_record
